<?xml version="1.0" encoding="UTF-8"?>
<testng-results skipped="0" failed="0" ignored="0" total="4" passed="4">
  <reporter-output>
  </reporter-output>
  <suite name="com.qa.tests.TestNG" duration-ms="35" started-at="2019-11-21T16:24:48Z" finished-at="2019-11-21T16:24:48Z">
    <groups>
    </groups>
    <test name="Command line test" duration-ms="35" started-at="2019-11-21T16:24:48Z" finished-at="2019-11-21T16:24:48Z">
      <class name="com.qa.tests.TestNG">
        <test-method status="PASS" signature="addition()[pri:0, instance:com.qa.tests.TestNG@36d64342]" name="addition" duration-ms="10" started-at="2019-11-21T16:24:48Z" finished-at="2019-11-21T16:24:48Z">
          <reporter-output>
          </reporter-output>
        </test-method> <!-- addition -->
        <test-method status="PASS" signature="div()[pri:0, instance:com.qa.tests.TestNG@36d64342]" name="div" duration-ms="0" started-at="2019-11-21T16:24:48Z" finished-at="2019-11-21T16:24:48Z">
          <reporter-output>
          </reporter-output>
        </test-method> <!-- div -->
        <test-method status="PASS" signature="subtraction()[pri:0, instance:com.qa.tests.TestNG@36d64342]" name="subtraction" duration-ms="0" started-at="2019-11-21T16:24:48Z" finished-at="2019-11-21T16:24:48Z">
          <reporter-output>
          </reporter-output>
        </test-method> <!-- subtraction -->
        <test-method status="PASS" signature="multi()[pri:0, instance:com.qa.tests.TestNG@36d64342]" name="multi" duration-ms="0" started-at="2019-11-21T16:24:48Z" finished-at="2019-11-21T16:24:48Z">
          <reporter-output>
          </reporter-output>
        </test-method> <!-- multi -->
      </class> <!-- com.qa.tests.TestNG -->
    </test> <!-- Command line test -->
  </suite> <!-- com.qa.tests.TestNG -->
</testng-results>
