<?xml version="1.0" encoding="UTF-8"?>
<!-- Generated by org.testng.reporters.JUnitXMLReporter -->
<testsuite hostname="Admins-MBP.lan1" ignored="0" name="Command line test" tests="4" failures="0" timestamp="21 Nov 2019 16:24:49 GMT" time="0.035" errors="0">
  <testcase name="addition" time="0.01" classname="com.qa.tests.TestNG"/>
  <testcase name="div" time="0.0" classname="com.qa.tests.TestNG"/>
  <testcase name="multi" time="0.0" classname="com.qa.tests.TestNG"/>
  <testcase name="subtraction" time="0.0" classname="com.qa.tests.TestNG"/>
</testsuite> <!-- Command line test -->
